This is pdfTeX, Version 3.141592653-2.6-1.40.22 (TeX Live 2022/dev/Debian) (preloaded format=pdflatex 2023.5.30)  28 AUG 2023 02:42
entering extended mode
 restricted \write18 enabled.
 file:line:error style messages enabled.
 %&-line parsing enabled.
**/home/ae/repo/01-paper/fuseFormer.tex
(/home/ae/repo/01-paper/fuseFormer.tex
LaTeX2e <2021-11-15> patch level 1
L3 programming layer <2022-01-21> (./IEEEtran.cls
Document Class: IEEEtran 2015/08/26 V1.8b by Michael Shell
-- See the "IEEEtran_HOWTO" manual for usage information.
-- http://www.michaelshell.org/tex/ieeetran/
\@IEEEtrantmpdimenA=\dimen138
\@IEEEtrantmpdimenB=\dimen139
\@IEEEtrantmpdimenC=\dimen140
\@IEEEtrantmpcountA=\count185
\@IEEEtrantmpcountB=\count186
\@IEEEtrantmpcountC=\count187
\@IEEEtrantmptoksA=\toks16
LaTeX Font Info:    Trying to load font information for OT1+ptm on input line 503.
(/usr/share/texlive/texmf-dist/tex/latex/psnfss/ot1ptm.fd
File: ot1ptm.fd 2001/06/04 font definitions for OT1/ptm.
)
-- Using 8.5in x 11in (letter) paper.
-- Using PDF output.
\@IEEEnormalsizeunitybaselineskip=\dimen141
-- This is a 10 point document.
\CLASSINFOnormalsizebaselineskip=\dimen142
\CLASSINFOnormalsizeunitybaselineskip=\dimen143
\IEEEnormaljot=\dimen144
LaTeX Font Info:    Font shape `OT1/ptm/bx/n' in size <5> not available
(Font)              Font shape `OT1/ptm/b/n' tried instead on input line 1090.
LaTeX Font Info:    Font shape `OT1/ptm/bx/it' in size <5> not available
(Font)              Font shape `OT1/ptm/b/it' tried instead on input line 1090.
LaTeX Font Info:    Font shape `OT1/ptm/bx/n' in size <7> not available
(Font)              Font shape `OT1/ptm/b/n' tried instead on input line 1090.
LaTeX Font Info:    Font shape `OT1/ptm/bx/it' in size <7> not available
(Font)              Font shape `OT1/ptm/b/it' tried instead on input line 1090.
LaTeX Font Info:    Font shape `OT1/ptm/bx/n' in size <8> not available
(Font)              Font shape `OT1/ptm/b/n' tried instead on input line 1090.
LaTeX Font Info:    Font shape `OT1/ptm/bx/it' in size <8> not available
(Font)              Font shape `OT1/ptm/b/it' tried instead on input line 1090.
LaTeX Font Info:    Font shape `OT1/ptm/bx/n' in size <9> not available
(Font)              Font shape `OT1/ptm/b/n' tried instead on input line 1090.
LaTeX Font Info:    Font shape `OT1/ptm/bx/it' in size <9> not available
(Font)              Font shape `OT1/ptm/b/it' tried instead on input line 1090.
LaTeX Font Info:    Font shape `OT1/ptm/bx/n' in size <10> not available
(Font)              Font shape `OT1/ptm/b/n' tried instead on input line 1090.
LaTeX Font Info:    Font shape `OT1/ptm/bx/it' in size <10> not available
(Font)              Font shape `OT1/ptm/b/it' tried instead on input line 1090.
LaTeX Font Info:    Font shape `OT1/ptm/bx/n' in size <11> not available
(Font)              Font shape `OT1/ptm/b/n' tried instead on input line 1090.
LaTeX Font Info:    Font shape `OT1/ptm/bx/it' in size <11> not available
(Font)              Font shape `OT1/ptm/b/it' tried instead on input line 1090.
LaTeX Font Info:    Font shape `OT1/ptm/bx/n' in size <12> not available
(Font)              Font shape `OT1/ptm/b/n' tried instead on input line 1090.
LaTeX Font Info:    Font shape `OT1/ptm/bx/it' in size <12> not available
(Font)              Font shape `OT1/ptm/b/it' tried instead on input line 1090.
LaTeX Font Info:    Font shape `OT1/ptm/bx/n' in size <17> not available
(Font)              Font shape `OT1/ptm/b/n' tried instead on input line 1090.
LaTeX Font Info:    Font shape `OT1/ptm/bx/it' in size <17> not available
(Font)              Font shape `OT1/ptm/b/it' tried instead on input line 1090.
LaTeX Font Info:    Font shape `OT1/ptm/bx/n' in size <20> not available
(Font)              Font shape `OT1/ptm/b/n' tried instead on input line 1090.
LaTeX Font Info:    Font shape `OT1/ptm/bx/it' in size <20> not available
(Font)              Font shape `OT1/ptm/b/it' tried instead on input line 1090.
LaTeX Font Info:    Font shape `OT1/ptm/bx/n' in size <24> not available
(Font)              Font shape `OT1/ptm/b/n' tried instead on input line 1090.
LaTeX Font Info:    Font shape `OT1/ptm/bx/it' in size <24> not available
(Font)              Font shape `OT1/ptm/b/it' tried instead on input line 1090.
\IEEEquantizedlength=\dimen145
\IEEEquantizedlengthdiff=\dimen146
\IEEEquantizedtextheightdiff=\dimen147
\IEEEilabelindentA=\dimen148
\IEEEilabelindentB=\dimen149
\IEEEilabelindent=\dimen150
\IEEEelabelindent=\dimen151
\IEEEdlabelindent=\dimen152
\IEEElabelindent=\dimen153
\IEEEiednormlabelsep=\dimen154
\IEEEiedmathlabelsep=\dimen155
\IEEEiedtopsep=\skip47
\c@section=\count188
\c@subsection=\count189
\c@subsubsection=\count190
\c@paragraph=\count191
\c@IEEEsubequation=\count192
\abovecaptionskip=\skip48
\belowcaptionskip=\skip49
\c@figure=\count193
\c@table=\count194
\@IEEEeqnnumcols=\count195
\@IEEEeqncolcnt=\count196
\@IEEEsubeqnnumrollback=\count197
\@IEEEquantizeheightA=\dimen156
\@IEEEquantizeheightB=\dimen157
\@IEEEquantizeheightC=\dimen158
\@IEEEquantizeprevdepth=\dimen159
\@IEEEquantizemultiple=\count198
\@IEEEquantizeboxA=\box50
\@IEEEtmpitemindent=\dimen160
\IEEEPARstartletwidth=\dimen161
\c@IEEEbiography=\count199
\@IEEEtranrubishbin=\box51
)
** ATTENTION: Overriding command lockouts (line 2).
(/usr/share/texlive/texmf-dist/tex/latex/cite/cite.sty
LaTeX Info: Redefining \cite on input line 302.
LaTeX Info: Redefining \nocite on input line 332.
Package: cite 2015/02/27  v 5.5
) (/usr/share/texlive/texmf-dist/tex/latex/amsmath/amsmath.sty
Package: amsmath 2021/10/15 v2.17l AMS math features
\@mathmargin=\skip50

For additional information on amsmath, use the `?' option.
(/usr/share/texlive/texmf-dist/tex/latex/amsmath/amstext.sty
Package: amstext 2021/08/26 v2.01 AMS text
 (/usr/share/texlive/texmf-dist/tex/latex/amsmath/amsgen.sty
File: amsgen.sty 1999/11/30 v2.0 generic functions
\@emptytoks=\toks17
\ex@=\dimen162
)) (/usr/share/texlive/texmf-dist/tex/latex/amsmath/amsbsy.sty
Package: amsbsy 1999/11/29 v1.2d Bold Symbols
\pmbraise@=\dimen163
) (/usr/share/texlive/texmf-dist/tex/latex/amsmath/amsopn.sty
Package: amsopn 2021/08/26 v2.02 operator names
)
\inf@bad=\count266
LaTeX Info: Redefining \frac on input line 234.
\uproot@=\count267
\leftroot@=\count268
LaTeX Info: Redefining \overline on input line 399.
\classnum@=\count269
\DOTSCASE@=\count270
LaTeX Info: Redefining \ldots on input line 496.
LaTeX Info: Redefining \dots on input line 499.
LaTeX Info: Redefining \cdots on input line 620.
\Mathstrutbox@=\box52
\strutbox@=\box53
\big@size=\dimen164
LaTeX Font Info:    Redeclaring font encoding OML on input line 743.
LaTeX Font Info:    Redeclaring font encoding OMS on input line 744.
\macc@depth=\count271
\c@MaxMatrixCols=\count272
\dotsspace@=\muskip16
\c@parentequation=\count273
\dspbrk@lvl=\count274
\tag@help=\toks18
\row@=\count275
\column@=\count276
\maxfields@=\count277
\andhelp@=\toks19
\eqnshift@=\dimen165
\alignsep@=\dimen166
\tagshift@=\dimen167
\tagwidth@=\dimen168
\totwidth@=\dimen169
\lineht@=\dimen170
\@envbody=\toks20
\multlinegap=\skip51
\multlinetaggap=\skip52
\mathdisplay@stack=\toks21
LaTeX Info: Redefining \[ on input line 2938.
LaTeX Info: Redefining \] on input line 2939.
) (/usr/share/texlive/texmf-dist/tex/latex/amsfonts/amssymb.sty
Package: amssymb 2013/01/14 v3.01 AMS font symbols
 (/usr/share/texlive/texmf-dist/tex/latex/amsfonts/amsfonts.sty
Package: amsfonts 2013/01/14 v3.01 Basic AMSFonts support
\symAMSa=\mathgroup4
\symAMSb=\mathgroup5
LaTeX Font Info:    Redeclaring math symbol \hbar on input line 98.
LaTeX Font Info:    Overwriting math alphabet `\mathfrak' in version `bold'
(Font)                  U/euf/m/n --> U/euf/b/n on input line 106.
)) (/usr/share/texlive/texmf-dist/tex/latex/algorithms/algorithmic.sty
Package: algorithmic 2009/08/24 v0.1 Document Style `algorithmic'
 (/usr/share/texlive/texmf-dist/tex/latex/base/ifthen.sty
Package: ifthen 2020/11/24 v1.1c Standard LaTeX ifthen package (DPC)
) (/usr/share/texlive/texmf-dist/tex/latex/graphics/keyval.sty
Package: keyval 2014/10/28 v1.15 key=value parser (DPC)
\KV@toks@=\toks22
)
\c@ALC@unique=\count278
\c@ALC@line=\count279
\c@ALC@rem=\count280
\c@ALC@depth=\count281
\ALC@tlm=\skip53
\algorithmicindent=\skip54
) (/usr/share/texlive/texmf-dist/tex/latex/graphics/graphicx.sty
Package: graphicx 2021/09/16 v1.2d Enhanced LaTeX Graphics (DPC,SPQR)
 (/usr/share/texlive/texmf-dist/tex/latex/graphics/graphics.sty
Package: graphics 2021/03/04 v1.4d Standard LaTeX Graphics (DPC,SPQR)
 (/usr/share/texlive/texmf-dist/tex/latex/graphics/trig.sty
Package: trig 2021/08/11 v1.11 sin cos tan (DPC)
) (/usr/share/texlive/texmf-dist/tex/latex/graphics-cfg/graphics.cfg
File: graphics.cfg 2016/06/04 v1.11 sample graphics configuration
)
Package graphics Info: Driver file: pdftex.def on input line 107.
 (/usr/share/texlive/texmf-dist/tex/latex/graphics-def/pdftex.def
File: pdftex.def 2020/10/05 v1.2a Graphics/color driver for pdftex
))
\Gin@req@height=\dimen171
\Gin@req@width=\dimen172
) (/usr/share/texlive/texmf-dist/tex/latex/base/textcomp.sty
Package: textcomp 2020/02/02 v2.0n Standard LaTeX package
) (/usr/share/texlive/texmf-dist/tex/latex/xcolor/xcolor.sty
Package: xcolor 2021/10/31 v2.13 LaTeX color extensions (UK)
 (/usr/share/texlive/texmf-dist/tex/latex/graphics-cfg/color.cfg
File: color.cfg 2016/01/02 v1.6 sample color configuration
)
Package xcolor Info: Driver file: pdftex.def on input line 227.
Package xcolor Info: Model `cmy' substituted by `cmy0' on input line 1352.
Package xcolor Info: Model `hsb' substituted by `rgb' on input line 1356.
Package xcolor Info: Model `RGB' extended on input line 1368.
Package xcolor Info: Model `HTML' substituted by `rgb' on input line 1370.
Package xcolor Info: Model `Hsb' substituted by `hsb' on input line 1371.
Package xcolor Info: Model `tHsb' substituted by `hsb' on input line 1372.
Package xcolor Info: Model `HSB' substituted by `hsb' on input line 1373.
Package xcolor Info: Model `Gray' substituted by `gray' on input line 1374.
Package xcolor Info: Model `wave' substituted by `hsb' on input line 1375.
) (/usr/share/texlive/texmf-dist/tex/latex/caption/subcaption.sty
Package: subcaption 2020/10/07 v1.3j Sub-captions (AR)
 (/usr/share/texlive/texmf-dist/tex/latex/caption/caption.sty
Package: caption 2020/10/26 v3.5g Customizing captions (AR)
 (/usr/share/texlive/texmf-dist/tex/latex/caption/caption3.sty
Package: caption3 2020/10/21 v2.2e caption3 kernel (AR)
\captionmargin=\dimen173
\captionmargin@=\dimen174
\captionwidth=\dimen175
\caption@tempdima=\dimen176
\caption@indent=\dimen177
\caption@parindent=\dimen178
\caption@hangindent=\dimen179
Package caption Info: Unknown document class (or package),
(caption)             standard defaults will be used.
Package caption Info: \@makecaption = \long macro:#1#2->\ifx \@captype \@IEEEtablestring \footnotesize \bgroup \par \centering \@IEEEtabletopskipstrut {\normalfont \footnotesize #1}\\{\normalfont \footnotesize \scshape #2}\par \addvspace {0.5\baselineskip }\egroup \@IEEEtablecaptionsepspace \else \@IEEEfigurecaptionsepspace \setbox \@tempboxa \hbox {\normalfont \footnotesize {#1.}\nobreakspace \nobreakspace #2}\ifdim \wd \@tempboxa >\hsize \setbox \@tempboxa \hbox {\normalfont \footnotesize {#1.}\nobreakspace \nobreakspace }\parbox [t]{\hsize }{\normalfont \footnotesize \noindent \unhbox \@tempboxa #2}\else \ifCLASSOPTIONconference \hbox to\hsize {\normalfont \footnotesize \hfil \box \@tempboxa \hfil }\else \hbox to\hsize {\normalfont \footnotesize \box \@tempboxa \hfil }\fi \fi \fi  on input line 1139.
)

Package caption Warning: Unknown document class (or package),
(caption)                standard defaults will be used.
See the caption package documentation for explanation.

\c@caption@flags=\count282
\c@continuedfloat=\count283
)
\c@subfigure=\count284
\c@subtable=\count285
) (/usr/share/texlive/texmf-dist/tex/latex/l3backend/l3backend-pdftex.def
File: l3backend-pdftex.def 2022-01-12 L3 backend support: PDF output (pdfTeX)
\l__color_backend_stack_int=\count286
\l__pdf_internal_box=\box54
) (./fuseFormer.aux

LaTeX Warning: Label `fig:ch3:rfnnest' multiply defined.

)
\openout1 = `fuseFormer.aux'.

LaTeX Font Info:    Checking defaults for OML/cmm/m/it on input line 14.
LaTeX Font Info:    ... okay on input line 14.
LaTeX Font Info:    Checking defaults for OMS/cmsy/m/n on input line 14.
LaTeX Font Info:    ... okay on input line 14.
LaTeX Font Info:    Checking defaults for OT1/cmr/m/n on input line 14.
LaTeX Font Info:    ... okay on input line 14.
LaTeX Font Info:    Checking defaults for T1/cmr/m/n on input line 14.
LaTeX Font Info:    ... okay on input line 14.
LaTeX Font Info:    Checking defaults for TS1/cmr/m/n on input line 14.
LaTeX Font Info:    ... okay on input line 14.
LaTeX Font Info:    Checking defaults for OMX/cmex/m/n on input line 14.
LaTeX Font Info:    ... okay on input line 14.
LaTeX Font Info:    Checking defaults for U/cmr/m/n on input line 14.
LaTeX Font Info:    ... okay on input line 14.

-- Lines per column: 56 (exact).
(/usr/share/texlive/texmf-dist/tex/context/base/mkii/supp-pdf.mkii
[Loading MPS to PDF converter (version 2006.09.02).]
\scratchcounter=\count287
\scratchdimen=\dimen180
\scratchbox=\box55
\nofMPsegments=\count288
\nofMParguments=\count289
\everyMPshowfont=\toks23
\MPscratchCnt=\count290
\MPscratchDim=\dimen181
\MPnumerator=\count291
\makeMPintoPDFobject=\count292
\everyMPtoPDFconversion=\toks24
) (/usr/share/texlive/texmf-dist/tex/latex/epstopdf-pkg/epstopdf-base.sty
Package: epstopdf-base 2020-01-24 v2.11 Base part for package epstopdf
Package epstopdf-base Info: Redefining graphics rule for `.eps' on input line 485.
 (/usr/share/texlive/texmf-dist/tex/latex/latexconfig/epstopdf-sys.cfg
File: epstopdf-sys.cfg 2010/07/13 v1.3 Configuration of (r)epstopdf for TeX Live
))
Package caption Info: Begin \AtBeginDocument code.
Package caption Info: End \AtBeginDocument code.
LaTeX Font Info:    Calculating math sizes for size <11> on input line 32.
LaTeX Font Info:    Trying to load font information for U+msa on input line 32.
 (/usr/share/texlive/texmf-dist/tex/latex/amsfonts/umsa.fd
File: umsa.fd 2013/01/14 v3.01 AMS symbols A
)
LaTeX Font Info:    Trying to load font information for U+msb on input line 32.
 (/usr/share/texlive/texmf-dist/tex/latex/amsfonts/umsb.fd
File: umsb.fd 2013/01/14 v3.01 AMS symbols B
) (./chapters/chapter1.tex [1{/var/lib/texmf/fonts/map/pdftex/updmap/pdftex.map}


]) (./chapters/chapter2.tex [2]) (./chapters/chapter3.tex

LaTeX Warning: Reference `subsec:dataset' on page 3 undefined on input line 3.


LaTeX Warning: Reference `subsec:platform' on page 3 undefined on input line 3.


Underfull \vbox (badness 10000) has occurred while \output is active []



LaTeX Warning: Reference `sec:AE' on page 3 undefined on input line 8.


LaTeX Warning: Reference `sec:CNN' on page 3 undefined on input line 10.

[3]

pdfTeX warning: pdflatex (file ../01metu-msc-thesis/images/ch3/20230815all.drawio.pdf): PDF inclusion: found PDF version <1.7>, but at most version <1.5> allowed
<../01metu-msc-thesis/images/ch3/20230815all.drawio.pdf, id=16, 335.33278pt x 161.64389pt>
File: ../01metu-msc-thesis/images/ch3/20230815all.drawio.pdf Graphic file (type pdf)
<use ../01metu-msc-thesis/images/ch3/20230815all.drawio.pdf>
Package pdftex.def Info: ../01metu-msc-thesis/images/ch3/20230815all.drawio.pdf  used on input line 17.
(pdftex.def)             Requested size: 206.39685pt x 99.49055pt.


pdfTeX warning: pdflatex (file ../01metu-msc-thesis/images/ch3/20230815STAGE2.drawio.pdf): PDF inclusion: found PDF version <1.7>, but at most version <1.5> allowed
<../01metu-msc-thesis/images/ch3/20230815STAGE2.drawio.pdf, id=17, 6096.69713pt x 3470.88712pt>
File: ../01metu-msc-thesis/images/ch3/20230815STAGE2.drawio.pdf Graphic file (type pdf)
<use ../01metu-msc-thesis/images/ch3/20230815STAGE2.drawio.pdf>
Package pdftex.def Info: ../01metu-msc-thesis/images/ch3/20230815STAGE2.drawio.pdf  used on input line 24.
(pdftex.def)             Requested size: 206.39685pt x 117.46838pt.

Overfull \hbox (264.0pt too wide) in paragraph at lines 15--28
 [][] 
 []


Overfull \hbox (264.0pt too wide) in paragraph at lines 15--28
 [] 
 []



pdfTeX warning: pdflatex (file ../01metu-msc-thesis/images/ch3/20230815stage1.drawio.pdf): PDF inclusion: found PDF version <1.7>, but at most version <1.5> allowed
<../01metu-msc-thesis/images/ch3/20230815stage1.drawio.pdf, id=18, 211.7511pt x 133.45859pt>
File: ../01metu-msc-thesis/images/ch3/20230815stage1.drawio.pdf Graphic file (type pdf)
<use ../01metu-msc-thesis/images/ch3/20230815stage1.drawio.pdf>
Package pdftex.def Info: ../01metu-msc-thesis/images/ch3/20230815stage1.drawio.pdf  used on input line 40.
(pdftex.def)             Requested size: 258.0pt x 162.60744pt.

Overfull \hbox (6.0pt too wide) in paragraph at lines 40--41
 [][] 
 []


Underfull \hbox (badness 3872) in paragraph at lines 47--48
[]\OT1/ptm/m/n/10 Despite their ca-pa-bil-i-ties, au-toen-coders may pro-duce
 []

[4 <../01metu-msc-thesis/images/ch3/20230815all.drawio.pdf> <../01metu-msc-thesis/images/ch3/20230815STAGE2.drawio.pdf> <../01metu-msc-thesis/images/ch3/20230815stage1.drawio.pdf>]

pdfTeX warning: pdflatex (file ../01metu-msc-thesis/images/ch3/20230815encoder.drawio.pdf): PDF inclusion: found PDF version <1.7>, but at most version <1.5> allowed
<../01metu-msc-thesis/images/ch3/20230815encoder.drawio.pdf, id=54, 170.5572pt x 254.8722pt>
File: ../01metu-msc-thesis/images/ch3/20230815encoder.drawio.pdf Graphic file (type pdf)
<use ../01metu-msc-thesis/images/ch3/20230815encoder.drawio.pdf>
Package pdftex.def Info: ../01metu-msc-thesis/images/ch3/20230815encoder.drawio.pdf  used on input line 79.
(pdftex.def)             Requested size: 258.0pt x 385.59746pt.
<../01metu-msc-thesis/images/ch3/rnf-decoder.png, id=55, 883.3pt x 857.2025pt>
File: ../01metu-msc-thesis/images/ch3/rnf-decoder.png Graphic file (type png)
<use ../01metu-msc-thesis/images/ch3/rnf-decoder.png>
Package pdftex.def Info: ../01metu-msc-thesis/images/ch3/rnf-decoder.png  used on input line 86.
(pdftex.def)             Requested size: 309.60315pt x 300.457pt.

Overfull \hbox (264.0pt too wide) in paragraph at lines 77--90
 [][] 
 []


Overfull \hbox (264.0pt too wide) in paragraph at lines 77--90
 [] 
 []


LaTeX Warning: Float too large for page by 67.93886pt on input line 92.


Underfull \vbox (badness 10000) has occurred while \output is active []

 [5 <../01metu-msc-thesis/images/ch3/20230815encoder.drawio.pdf> <../01metu-msc-thesis/images/ch3/rnf-decoder.png>]

LaTeX Warning: Reference `chp:results' on page 6 undefined on input line 98.

<../01metu-msc-thesis/images/ch3/ssim.png, id=70, 2770.35pt x 1170.3725pt>
File: ../01metu-msc-thesis/images/ch3/ssim.png Graphic file (type png)
<use ../01metu-msc-thesis/images/ch3/ssim.png>
Package pdftex.def Info: ../01metu-msc-thesis/images/ch3/ssim.png  used on input line 136.
(pdftex.def)             Requested size: 516.0pt x 217.9799pt.

Overfull \hbox (264.0pt too wide) in paragraph at lines 136--137
 [][] 
 []

[6]

LaTeX Warning: Reference `chp:results' on page 7 undefined on input line 158.

<../01metu-msc-thesis/images/ch3/fuser.drawio.png, id=78, 240.9pt x 111.41624pt>
File: ../01metu-msc-thesis/images/ch3/fuser.drawio.png Graphic file (type png)
<use ../01metu-msc-thesis/images/ch3/fuser.drawio.png>
Package pdftex.def Info: ../01metu-msc-thesis/images/ch3/fuser.drawio.png  used on input line 166.
(pdftex.def)             Requested size: 240.8994pt x 111.41597pt.


pdfTeX warning: pdflatex (file ../01metu-msc-thesis/images/ch3/20230815transformer.drawio.pdf): PDF inclusion: found PDF version <1.7>, but at most version <1.5> allowed
<../01metu-msc-thesis/images/ch3/20230815transformer.drawio.pdf, id=79, 965.52718pt x 695.7192pt>
File: ../01metu-msc-thesis/images/ch3/20230815transformer.drawio.pdf Graphic file (type pdf)
<use ../01metu-msc-thesis/images/ch3/20230815transformer.drawio.pdf>
Package pdftex.def Info: ../01metu-msc-thesis/images/ch3/20230815transformer.drawio.pdf  used on input line 172.
(pdftex.def)             Requested size: 412.80157pt x 297.45488pt.

Overfull \hbox (264.0pt too wide) in paragraph at lines 164--176
[][]
 []


Overfull \hbox (264.0pt too wide) in paragraph at lines 164--176
[] 
 []


Underfull \vbox (badness 3623) has occurred while \output is active []

 [7 <../01metu-msc-thesis/images/ch3/ssim.png> <../01metu-msc-thesis/images/ch3/fuser.drawio.png> <../01metu-msc-thesis/images/ch3/20230815transformer.drawio.pdf>]

LaTeX Warning: Reference `chp:results' on page 8 undefined on input line 194.


LaTeX Warning: Reference `subsec:metrics' on page 8 undefined on input line 194.

[8]

pdfTeX warning: pdflatex (file ../01metu-msc-thesis/images/ch3/20230815transformer2.drawio.pdf): PDF inclusion: found PDF version <1.7>, but at most version <1.5> allowed
<../01metu-msc-thesis/images/ch3/20230815transformer2.drawio.pdf, id=101, 1016.83888pt x 747.75356pt>
File: ../01metu-msc-thesis/images/ch3/20230815transformer2.drawio.pdf Graphic file (type pdf)
<use ../01metu-msc-thesis/images/ch3/20230815transformer2.drawio.pdf>
Package pdftex.def Info: ../01metu-msc-thesis/images/ch3/20230815transformer2.drawio.pdf  used on input line 268.
(pdftex.def)             Requested size: 510.84283pt x 375.66719pt.

Overfull \hbox (258.84283pt too wide) in paragraph at lines 268--269
 [][] 
 []

[9]
Overfull \hbox (65.63094pt too wide) detected at line 308
[]\OML/cmm/m/it/10 L[] \OT1/cmr/m/n/10 = [][] + [][]
 []

) (./fuseFormer.bbl [10 <../01metu-msc-thesis/images/ch3/20230815transformer2.drawio.pdf>]
Underfull \hbox (badness 3668) in paragraph at lines 129--131
[]\OT1/ptm/m/n/8 Y. Fu, T. Xu, X. Wu, and J. Kit-tler, ``Ppt fu-sion: Pyra-mid
 []


Underfull \hbox (badness 6876) in paragraph at lines 154--156
\OT1/ptm/m/n/8 ial at-ten-tion in mul-ti-di-men-sional trans-form-ers,'' \OT1/ptm/m/it/8 arXiv preprint
 []

)

** Conference Paper **
Before submitting the final camera ready copy, remember to:

 1. Manually equalize the lengths of two columns on the last page
 of your paper;

 2. Ensure that any PostScript and/or PDF output post-processing
 uses only Type 1 fonts and that every step in the generation
 process uses the appropriate paper size.

[11] (./fuseFormer.aux)

LaTeX Warning: There were undefined references.


LaTeX Warning: There were multiply-defined labels.

 ) 
Here is how much of TeX's memory you used:
 5652 strings out of 479574
 96041 string characters out of 5877220
 397412 words of memory out of 5000000
 23577 multiletter control sequences out of 15000+600000
 511134 words of font info for 106 fonts, out of 8000000 for 9000
 395 hyphenation exceptions out of 8191
 67i,17n,77p,1957b,444s stack positions out of 5000i,500n,10000p,200000b,80000s
{/usr/share/texlive/texmf-dist/fonts/enc/dvips/base/8r.enc}</usr/share/texlive/texmf-dist/fonts/type1/public/amsfonts/cm/cmex10.pfb></usr/share/texlive/texmf-dist/fonts/type1/public/amsfonts/cm/cmmi10.pfb></usr/share/texlive/texmf-dist/fonts/type1/public/amsfonts/cm/cmmi7.pfb></usr/share/texlive/texmf-dist/fonts/type1/public/amsfonts/cm/cmr10.pfb></usr/share/texlive/texmf-dist/fonts/type1/public/amsfonts/cm/cmr7.pfb></usr/share/texlive/texmf-dist/fonts/type1/public/amsfonts/cm/cmsy10.pfb></usr/share/texlive/texmf-dist/fonts/type1/public/amsfonts/cm/cmsy7.pfb></usr/share/texlive/texmf-dist/fonts/type1/public/amsfonts/symbols/msbm10.pfb></usr/share/texlive/texmf-dist/fonts/type1/urw/times/utmb8a.pfb></usr/share/texlive/texmf-dist/fonts/type1/urw/times/utmbi8a.pfb></usr/share/texlive/texmf-dist/fonts/type1/urw/times/utmr8a.pfb></usr/share/texlive/texmf-dist/fonts/type1/urw/times/utmri8a.pfb>
Output written on fuseFormer.pdf (11 pages, 923638 bytes).
PDF statistics:
 174 PDF objects out of 1000 (max. 8388607)
 108 compressed objects within 2 object streams
 0 named destinations out of 1000 (max. 500000)
 46 words of extra memory for PDF output out of 10000 (max. 10000000)

